#
# There is insufficient memory for the Java Runtime Environment to continue.
# Native memory allocation (malloc) failed to allocate 918096 bytes for Chunk::new
# Possible reasons:
#   The system is out of physical RAM or swap space
#   The process is running with CompressedOops enabled, and the Java Heap may be blocking the growth of the native heap
# Possible solutions:
#   Reduce memory load on the system
#   Increase physical memory or swap space
#   Check if swap backing store is full
#   Decrease Java heap size (-Xmx/-Xms)
#   Decrease number of Java threads
#   Decrease Java thread stack sizes (-Xss)
#   Set larger code cache with -XX:ReservedCodeCacheSize=
#   JVM is running with Unscaled Compressed Oops mode in which the Java heap is
#     placed in the first 4GB address space. The Java Heap base address is the
#     maximum limit for the native heap growth. Please use -XX:HeapBaseMinAddress
#     to set the Java Heap base and to place the Java Heap above 4GB virtual address.
# This output file may be truncated or incomplete.
#
#  Out of Memory Error (./open/src/hotspot/share/memory/arena.cpp:195), pid=31216, tid=29852
#
# JRE version: OpenJDK Runtime Environment (15.0.2+7) (build 15.0.2+7-27)
# Java VM: OpenJDK 64-Bit Server VM (15.0.2+7-27, mixed mode, tiered, compressed oops, g1 gc, windows-amd64)
# No core dump will be written. Minidumps are not enabled by default on client versions of Windows
#

---------------  S U M M A R Y ------------

Command Line: -Dfile.encoding=UTF-8 -XX:+ShowCodeDetailsInExceptionMessages com.mindbrowser.assignment.backend.BackendApplication

Host: Intel(R) Core(TM) i3-5005U CPU @ 2.00GHz, 4 cores, 3G,  Windows 8.1 , 64 bit Build 9600 (6.3.9600.17056)
Time: Sat Mar  6 10:23:10 2021 India Standard Time elapsed time: 16.349532 seconds (0d 0h 0m 16s)

---------------  T H R E A D  ---------------

Current thread (0x00000079ae5c3fd0):  JavaThread "C2 CompilerThread0" daemon [_thread_in_native, id=29852, stack(0x00000079af080000,0x00000079af180000)]


Current CompileTask:
C2:  16349 1635       4       jdk.internal.org.objectweb.asm.Frame::execute (2305 bytes)

Stack: [0x00000079af080000,0x00000079af180000]
Native frames: (J=compiled Java code, j=interpreted, Vv=VM code, C=native code)
V  [jvm.dll+0x62ae9a]
V  [jvm.dll+0x7817a9]
V  [jvm.dll+0x782f03]
V  [jvm.dll+0x783563]
V  [jvm.dll+0x216325]
V  [jvm.dll+0x97f3a]
V  [jvm.dll+0x9861c]
V  [jvm.dll+0x279f9f]
V  [jvm.dll+0x540794]
V  [jvm.dll+0x1f3124]
V  [jvm.dll+0x1ecaf1]
V  [jvm.dll+0x1e9867]
V  [jvm.dll+0x178567]
V  [jvm.dll+0x1f9225]
V  [jvm.dll+0x1f72cc]
V  [jvm.dll+0x74495d]
V  [jvm.dll+0x73d75a]
V  [jvm.dll+0x629c56]
C  [ucrtbase.DLL+0x1d912]
C  [KERNEL32.DLL+0x16ad]
C  [ntdll.dll+0x154e4]


---------------  P R O C E S S  ---------------

Threads class SMR info:
_java_thread_list=0x00000079b03873a0, length=14, elements={
0x00000079962fc3d0, 0x00000079ae5b2010, 0x00000079ae5ba720, 0x00000079adc996c0,
0x00000079adc9a080, 0x00000079adc9ab30, 0x00000079ae5c3fd0, 0x00000079ae5c50e0,
0x00000079ae5ce2b0, 0x00000079ae733620, 0x00000079ae76a000, 0x00000079afe7e230,
0x00000079afe7e700, 0x00000079b0351090
}

Java Threads: ( => current thread )
  0x00000079962fc3d0 JavaThread "main" [_thread_blocked, id=29744, stack(0x00000079959a0000,0x0000007995aa0000)]
  0x00000079ae5b2010 JavaThread "Reference Handler" daemon [_thread_blocked, id=31680, stack(0x00000079ae9a0000,0x00000079aeaa0000)]
  0x00000079ae5ba720 JavaThread "Finalizer" daemon [_thread_blocked, id=31184, stack(0x00000079aeaa0000,0x00000079aeba0000)]
  0x00000079adc996c0 JavaThread "Signal Dispatcher" daemon [_thread_blocked, id=3264, stack(0x00000079aed80000,0x00000079aee80000)]
  0x00000079adc9a080 JavaThread "Attach Listener" daemon [_thread_blocked, id=18264, stack(0x00000079aee80000,0x00000079aef80000)]
  0x00000079adc9ab30 JavaThread "Service Thread" daemon [_thread_blocked, id=29512, stack(0x00000079aef80000,0x00000079af080000)]
=>0x00000079ae5c3fd0 JavaThread "C2 CompilerThread0" daemon [_thread_in_native, id=29852, stack(0x00000079af080000,0x00000079af180000)]
  0x00000079ae5c50e0 JavaThread "C1 CompilerThread0" daemon [_thread_blocked, id=32668, stack(0x00000079af180000,0x00000079af280000)]
  0x00000079ae5ce2b0 JavaThread "Sweeper thread" daemon [_thread_blocked, id=6196, stack(0x00000079af280000,0x00000079af380000)]
  0x00000079ae733620 JavaThread "Notification Thread" daemon [_thread_blocked, id=31752, stack(0x00000079af380000,0x00000079af480000)]
  0x00000079ae76a000 JavaThread "Common-Cleaner" daemon [_thread_blocked, id=13752, stack(0x00000079af580000,0x00000079af680000)]
  0x00000079afe7e230 JavaThread "Thread-0" [_thread_blocked, id=29096, stack(0x00000079b1540000,0x00000079b1640000)]
  0x00000079afe7e700 JavaThread "restartedMain" [_thread_blocked, id=2860, stack(0x00000079b1640000,0x00000079b1740000)]
  0x00000079b0351090 JavaThread "background-preinit" [_thread_in_native, id=8884, stack(0x00000079b1f20000,0x00000079b2020000)]

Other Threads:
  0x00000079adc36710 VMThread "VM Thread" [stack: 0x00000079ae4a0000,0x00000079ae5a0000] [id=32728]
  0x00000079ae733af0 WatcherThread [stack: 0x00000079af480000,0x00000079af580000] [id=1868]
  0x000000799632ae10 GCTaskThread "GC Thread#0" [stack: 0x00000079960c0000,0x00000079961c0000] [id=28412]
  0x00000079af7ac0d0 GCTaskThread "GC Thread#1" [stack: 0x00000079b1140000,0x00000079b1240000] [id=3028]
  0x00000079af7aa750 GCTaskThread "GC Thread#2" [stack: 0x00000079b2220000,0x00000079b2320000] [id=31348]
  0x00000079af7a8dd0 GCTaskThread "GC Thread#3" [stack: 0x00000079b2320000,0x00000079b2420000] [id=28448]
  0x0000007996334a60 ConcurrentGCThread "G1 Main Marker" [stack: 0x00000079ab260000,0x00000079ab360000] [id=32716]
  0x00000079963356d0 ConcurrentGCThread "G1 Conc#0" [stack: 0x00000079ab360000,0x00000079ab460000] [id=4724]
  0x000000799638a460 ConcurrentGCThread "G1 Refine#0" [stack: 0x00000079ad8a0000,0x00000079ad9a0000] [id=3860]
  0x00000079b01ed160 ConcurrentGCThread "G1 Refine#1" [stack: 0x00000079b1240000,0x00000079b1340000] [id=30600]
  0x000000799638be30 ConcurrentGCThread "G1 Young RemSet Sampling" [stack: 0x00000079ad9a0000,0x00000079adaa0000] [id=30724]

Threads with active compile tasks:
C2 CompilerThread0    16698 1635       4       jdk.internal.org.objectweb.asm.Frame::execute (2305 bytes)
C1 CompilerThread0    16698 1732       3       java.lang.Enum::getDeclaringClass (22 bytes)

VM state: not at safepoint (normal execution)

VM Mutex/Monitor currently owned by a thread: None

Heap address: 0x00000000c1200000, size: 1006 MB, Compressed Oops mode: 32-bit
CDS disabled.
Compressed class space mapped at: 0x0000000100000000-0x0000000140000000, size: 1073741824
Narrow klass base: 0x0000000000000000, Narrow klass shift: 3, Narrow klass range: 0x140000000

GC Precious Log:
 CPUs: 4 total, 4 available
 Memory: 4016M
 Large Page Support: Disabled
 NUMA Support: Disabled
 Compressed Oops: Enabled (32-bit)
 Heap Region Size: 1M
 Heap Min Capacity: 8M
 Heap Initial Capacity: 64M
 Heap Max Capacity: 1006M
 Pre-touch: Disabled
 Parallel Workers: 4
 Concurrent Workers: 1
 Concurrent Refinement Workers: 4
 Periodic GC: Disabled

Heap:
 garbage-first heap   total 34816K, used 13393K [0x00000000c1200000, 0x0000000100000000)
  region size 1024K, 7 young (7168K), 1 survivors (1024K)
 Metaspace       used 22905K, capacity 23192K, committed 23296K, reserved 1071104K
  class space    used 2467K, capacity 2543K, committed 2560K, reserved 1048576K

Heap Regions: E=young(eden), S=young(survivor), O=old, HS=humongous(starts), HC=humongous(continues), CS=collection set, F=free, OA=open archive, CA=closed archive, TAMS=top-at-mark-start (previous, next)
|   0|0x00000000c1200000, 0x00000000c1300000, 0x00000000c1300000|100%|HS|  |TAMS 0x00000000c1300000, 0x00000000c1200000| Complete 
|   1|0x00000000c1300000, 0x00000000c1400000, 0x00000000c1400000|100%| O|  |TAMS 0x00000000c1400000, 0x00000000c1300000| Untracked 
|   2|0x00000000c1400000, 0x00000000c1500000, 0x00000000c1500000|100%| O|  |TAMS 0x00000000c1500000, 0x00000000c1400000| Untracked 
|   3|0x00000000c1500000, 0x00000000c1600000, 0x00000000c1600000|100%| O|  |TAMS 0x00000000c1600000, 0x00000000c1500000| Untracked 
|   4|0x00000000c1600000, 0x00000000c1700000, 0x00000000c1700000|100%| O|  |TAMS 0x00000000c1700000, 0x00000000c1600000| Untracked 
|   5|0x00000000c1700000, 0x00000000c17d6200, 0x00000000c1800000| 83%| O|  |TAMS 0x00000000c17d6200, 0x00000000c1700000| Untracked 
|   6|0x00000000c1800000, 0x00000000c1900000, 0x00000000c1900000|100%| O|  |TAMS 0x00000000c1800000, 0x00000000c1800000| Untracked 
|   7|0x00000000c1900000, 0x00000000c19e0400, 0x00000000c1a00000| 87%| O|  |TAMS 0x00000000c1900000, 0x00000000c1900000| Untracked 
|   8|0x00000000c1a00000, 0x00000000c1a00000, 0x00000000c1b00000|  0%| F|  |TAMS 0x00000000c1a00000, 0x00000000c1a00000| Untracked 
|   9|0x00000000c1b00000, 0x00000000c1b00000, 0x00000000c1c00000|  0%| F|  |TAMS 0x00000000c1b00000, 0x00000000c1b00000| Untracked 
|  10|0x00000000c1c00000, 0x00000000c1c00000, 0x00000000c1d00000|  0%| F|  |TAMS 0x00000000c1c00000, 0x00000000c1c00000| Untracked 
|  11|0x00000000c1d00000, 0x00000000c1d00000, 0x00000000c1e00000|  0%| F|  |TAMS 0x00000000c1d00000, 0x00000000c1d00000| Untracked 
|  12|0x00000000c1e00000, 0x00000000c1e00000, 0x00000000c1f00000|  0%| F|  |TAMS 0x00000000c1e00000, 0x00000000c1e00000| Untracked 
|  13|0x00000000c1f00000, 0x00000000c1f00000, 0x00000000c2000000|  0%| F|  |TAMS 0x00000000c1f00000, 0x00000000c1f00000| Untracked 
|  14|0x00000000c2000000, 0x00000000c2000000, 0x00000000c2100000|  0%| F|  |TAMS 0x00000000c2000000, 0x00000000c2000000| Untracked 
|  15|0x00000000c2100000, 0x00000000c2100000, 0x00000000c2200000|  0%| F|  |TAMS 0x00000000c2100000, 0x00000000c2100000| Untracked 
|  16|0x00000000c2200000, 0x00000000c2200000, 0x00000000c2300000|  0%| F|  |TAMS 0x00000000c2200000, 0x00000000c2200000| Untracked 
|  17|0x00000000c2300000, 0x00000000c2300000, 0x00000000c2400000|  0%| F|  |TAMS 0x00000000c2300000, 0x00000000c2300000| Untracked 
|  18|0x00000000c2400000, 0x00000000c2400000, 0x00000000c2500000|  0%| F|  |TAMS 0x00000000c2400000, 0x00000000c2400000| Untracked 
|  19|0x00000000c2500000, 0x00000000c2500000, 0x00000000c2600000|  0%| F|  |TAMS 0x00000000c2500000, 0x00000000c2500000| Untracked 
|  20|0x00000000c2600000, 0x00000000c2600000, 0x00000000c2700000|  0%| F|  |TAMS 0x00000000c2600000, 0x00000000c2600000| Untracked 
|  21|0x00000000c2700000, 0x00000000c2700000, 0x00000000c2800000|  0%| F|  |TAMS 0x00000000c2700000, 0x00000000c2700000| Untracked 
|  22|0x00000000c2800000, 0x00000000c2800000, 0x00000000c2900000|  0%| F|  |TAMS 0x00000000c2800000, 0x00000000c2800000| Untracked 
|  23|0x00000000c2900000, 0x00000000c2900000, 0x00000000c2a00000|  0%| F|  |TAMS 0x00000000c2900000, 0x00000000c2900000| Untracked 
|  24|0x00000000c2a00000, 0x00000000c2a00000, 0x00000000c2b00000|  0%| F|  |TAMS 0x00000000c2a00000, 0x00000000c2a00000| Untracked 
|  25|0x00000000c2b00000, 0x00000000c2b00000, 0x00000000c2c00000|  0%| F|  |TAMS 0x00000000c2b00000, 0x00000000c2b00000| Untracked 
|  26|0x00000000c2c00000, 0x00000000c2c00000, 0x00000000c2d00000|  0%| F|  |TAMS 0x00000000c2c00000, 0x00000000c2c00000| Untracked 
|  27|0x00000000c2d00000, 0x00000000c2df3878, 0x00000000c2e00000| 95%| E|  |TAMS 0x00000000c2d00000, 0x00000000c2d00000| Complete 
|  28|0x00000000c2e00000, 0x00000000c2f00000, 0x00000000c2f00000|100%| E|CS|TAMS 0x00000000c2e00000, 0x00000000c2e00000| Complete 
|  29|0x00000000c2f00000, 0x00000000c3000000, 0x00000000c3000000|100%| E|CS|TAMS 0x00000000c2f00000, 0x00000000c2f00000| Complete 
|  56|0x00000000c4a00000, 0x00000000c4b00000, 0x00000000c4b00000|100%| E|CS|TAMS 0x00000000c4a00000, 0x00000000c4a00000| Complete 
|  57|0x00000000c4b00000, 0x00000000c4c00000, 0x00000000c4c00000|100%| E|CS|TAMS 0x00000000c4b00000, 0x00000000c4b00000| Complete 
|  58|0x00000000c4c00000, 0x00000000c4c5e098, 0x00000000c4d00000| 36%| S|CS|TAMS 0x00000000c4c00000, 0x00000000c4c00000| Complete 
|  63|0x00000000c5100000, 0x00000000c5200000, 0x00000000c5200000|100%| E|CS|TAMS 0x00000000c5100000, 0x00000000c5100000| Complete 

Card table byte_map: [0x00000079a8ee0000,0x00000079a90e0000] _byte_map_base: 0x00000079a88d7000

Marking Bits (Prev, Next): (CMBitMap*) 0x000000799632b6c0, (CMBitMap*) 0x000000799632b680
 Prev Bits: [0x00000079aa2a0000, 0x00000079ab258000)
 Next Bits: [0x00000079a92e0000, 0x00000079aa298000)

Polling page: 0x00000079940d0000

Metaspace:

Usage:
  Non-class:     20.17 MB capacity,    19.98 MB (>99%) used,   157.19 KB ( <1%) free+waste,    28.50 KB ( <1%) overhead. 
      Class:      2.51 MB capacity,     2.41 MB ( 96%) used,    92.58 KB (  4%) free+waste,    10.38 KB ( <1%) overhead. 
       Both:     22.68 MB capacity,    22.40 MB ( 99%) used,   249.77 KB (  1%) free+waste,    38.88 KB ( <1%) overhead. 

Virtual space:
  Non-class space:       22.00 MB reserved,      20.25 MB ( 92%) committed 
      Class space:        1.00 GB reserved,       2.63 MB ( <1%) committed 
             Both:        1.02 GB reserved,      22.88 MB (  2%) committed 

Chunk freelists:
   Non-Class:  23.00 KB
       Class:  17.00 KB
        Both:  40.00 KB

MaxMetaspaceSize: 17179869184.00 GB
CompressedClassSpaceSize: 1.00 GB

CodeHeap 'non-profiled nmethods': size=120000Kb used=542Kb max_used=542Kb free=119457Kb
 bounds [0x00000079a17b0000, 0x00000079a1a20000, 0x00000079a8ce0000]
CodeHeap 'profiled nmethods': size=120000Kb used=3178Kb max_used=3178Kb free=116821Kb
 bounds [0x000000799a280000, 0x000000799a5a0000, 0x00000079a17b0000]
CodeHeap 'non-nmethods': size=5760Kb used=1174Kb max_used=1186Kb free=4585Kb
 bounds [0x0000007999ce0000, 0x0000007999f50000, 0x000000799a280000]
 total_blobs=2161 nmethods=1727 adapters=346
 compilation: enabled
              stopped_count=0, restarted_count=0
 full_count=0

Compilation events (20 events):
Event: 14.447 Thread 0x00000079ae5c50e0 1687       3       org.springframework.core.ResolvableType::toClass (7 bytes)
Event: 14.448 Thread 0x00000079ae5c50e0 nmethod 1687 0x000000799a57fc90 code [0x000000799a57fe40, 0x000000799a580078]
Event: 14.848 Thread 0x00000079ae5c50e0 1688       3       java.lang.System$2::getEnumConstantsShared (8 bytes)
Event: 14.849 Thread 0x00000079ae5c50e0 nmethod 1688 0x000000799a580110 code [0x000000799a5802c0, 0x000000799a5804e8]
Event: 15.079 Thread 0x00000079ae5c50e0 1689       3       jdk.internal.org.objectweb.asm.ClassWriter::visitEnd (1 bytes)
Event: 15.079 Thread 0x00000079ae5c50e0 nmethod 1689 0x000000799a580610 code [0x000000799a5807a0, 0x000000799a580898]
Event: 15.080 Thread 0x00000079ae5c50e0 1690       1       ch.qos.logback.classic.selector.DefaultContextSelector::getDefaultLoggerContext (5 bytes)
Event: 15.080 Thread 0x00000079ae5c50e0 nmethod 1690 0x00000079a1835f90 code [0x00000079a1836120, 0x00000079a18361d8]
Event: 15.080 Thread 0x00000079ae5c50e0 1691       3       ch.qos.logback.classic.Logger::isTraceEnabled (6 bytes)
Event: 15.080 Thread 0x00000079ae5c50e0 nmethod 1691 0x000000799a580910 code [0x000000799a580ac0, 0x000000799a580c08]
Event: 15.081 Thread 0x00000079ae5c50e0 1692       3       java.lang.invoke.BootstrapMethodInvoker::maybeReBoxElements (24 bytes)
Event: 15.081 Thread 0x00000079ae5c50e0 nmethod 1692 0x000000799a580c90 code [0x000000799a580e60, 0x000000799a581488]
Event: 15.081 Thread 0x00000079ae5c50e0 1694       3       java.lang.invoke.InnerClassLambdaMetafactory::<init> (255 bytes)
Event: 15.085 Thread 0x00000079ae5c50e0 nmethod 1694 0x000000799a581610 code [0x000000799a581a20, 0x000000799a583818]
Event: 15.085 Thread 0x00000079ae5c50e0 1695       3       java.util.regex.Pattern$BmpCharProperty::match (55 bytes)
Event: 15.085 Thread 0x00000079ae5c50e0 nmethod 1695 0x000000799a584310 code [0x000000799a5844e0, 0x000000799a584948]
Event: 15.085 Thread 0x00000079ae5c50e0 1696  s    1       java.lang.StringBuffer::length (5 bytes)
Event: 15.086 Thread 0x00000079ae5c50e0 nmethod 1696 0x00000079a1836290 code [0x00000079a1836420, 0x00000079a1836578]
Event: 15.086 Thread 0x00000079ae5c50e0 1693       3       java.lang.invoke.BootstrapMethodInvoker::isLambdaMetafactoryIndyBSM (13 bytes)
Event: 15.086 Thread 0x00000079ae5c50e0 nmethod 1693 0x000000799a584a90 code [0x000000799a584c20, 0x000000799a584d58]

GC Heap History (9 events):
Event: 1.712 GC heap before
{Heap before GC invocations=0 (full 0):
 garbage-first heap   total 65536K, used 13312K [0x00000000c1200000, 0x0000000100000000)
  region size 1024K, 13 young (13312K), 0 survivors (0K)
 Metaspace       used 10603K, capacity 10690K, committed 10752K, reserved 1058816K
  class space    used 956K, capacity 986K, committed 1024K, reserved 1048576K
}
Event: 1.721 GC heap after
{Heap after GC invocations=1 (full 0):
 garbage-first heap   total 65536K, used 5727K [0x00000000c1200000, 0x0000000100000000)
  region size 1024K, 2 young (2048K), 2 survivors (2048K)
 Metaspace       used 10603K, capacity 10690K, committed 10752K, reserved 1058816K
  class space    used 956K, capacity 986K, committed 1024K, reserved 1048576K
}
Event: 1.927 GC heap before
{Heap before GC invocations=1 (full 0):
 garbage-first heap   total 65536K, used 14943K [0x00000000c1200000, 0x0000000100000000)
  region size 1024K, 12 young (12288K), 2 survivors (2048K)
 Metaspace       used 11711K, capacity 11808K, committed 11904K, reserved 1060864K
  class space    used 1095K, capacity 1124K, committed 1152K, reserved 1048576K
}
Event: 1.934 GC heap after
{Heap after GC invocations=2 (full 0):
 garbage-first heap   total 65536K, used 6299K [0x00000000c1200000, 0x0000000100000000)
  region size 1024K, 1 young (1024K), 1 survivors (1024K)
 Metaspace       used 11711K, capacity 11808K, committed 11904K, reserved 1060864K
  class space    used 1095K, capacity 1124K, committed 1152K, reserved 1048576K
}
Event: 1.947 GC heap before
{Heap before GC invocations=2 (full 0):
 garbage-first heap   total 65536K, used 26779K [0x00000000c1200000, 0x0000000100000000)
  region size 1024K, 22 young (22528K), 1 survivors (1024K)
 Metaspace       used 11711K, capacity 11808K, committed 11904K, reserved 1060864K
  class space    used 1095K, capacity 1124K, committed 1152K, reserved 1048576K
}
Event: 1.948 GC heap after
{Heap after GC invocations=3 (full 0):
 garbage-first heap   total 65536K, used 6341K [0x00000000c1200000, 0x0000000100000000)
  region size 1024K, 1 young (1024K), 1 survivors (1024K)
 Metaspace       used 11711K, capacity 11808K, committed 11904K, reserved 1060864K
  class space    used 1095K, capacity 1124K, committed 1152K, reserved 1048576K
}
Event: 13.869 GC heap before
{Heap before GC invocations=3 (full 0):
 garbage-first heap   total 65536K, used 43205K [0x00000000c1200000, 0x0000000100000000)
  region size 1024K, 38 young (38912K), 1 survivors (1024K)
 Metaspace       used 19817K, capacity 20042K, committed 20096K, reserved 1067008K
  class space    used 2074K, capacity 2157K, committed 2176K, reserved 1048576K
}
Event: 13.881 GC heap after
{Heap after GC invocations=4 (full 0):
 garbage-first heap   total 65536K, used 7984K [0x00000000c1200000, 0x0000000100000000)
  region size 1024K, 2 young (2048K), 2 survivors (2048K)
 Metaspace       used 19817K, capacity 20042K, committed 20096K, reserved 1067008K
  class space    used 2074K, capacity 2157K, committed 2176K, reserved 1048576K
}
Event: 15.105 GC heap before
{Heap before GC invocations=4 (full 0):
 garbage-first heap   total 65536K, used 12080K [0x00000000c1200000, 0x0000000100000000)
  region size 1024K, 7 young (7168K), 2 survivors (2048K)
 Metaspace       used 20954K, capacity 21194K, committed 21248K, reserved 1069056K
  class space    used 2181K, capacity 2285K, committed 2304K, reserved 1048576K
}

Deoptimization events (20 events):
Event: 2.705 Thread 0x00000079afe7e700 Uncommon trap: trap_request=0xffffffde fr.pc=0x00000079a181e918 relative=0x0000000000000718
Event: 2.705 Thread 0x00000079afe7e700 Uncommon trap: reason=class_check action=maybe_recompile pc=0x00000079a181e918 method=java.util.HashMap.putVal(ILjava/lang/Object;Ljava/lang/Object;ZZ)Ljava/lang/Object; @ 91 c2
Event: 2.705 Thread 0x00000079afe7e700 DEOPT PACKING pc=0x00000079a181e918 sp=0x00000079b173db50
Event: 2.706 Thread 0x00000079afe7e700 DEOPT UNPACKING pc=0x0000007999d2e42f sp=0x00000079b173da60 mode 2
Event: 3.862 Thread 0x00000079afe7e700 Uncommon trap: trap_request=0xffffff45 fr.pc=0x00000079a180cc70 relative=0x0000000000000fd0
Event: 3.862 Thread 0x00000079afe7e700 Uncommon trap: reason=unstable_if action=reinterpret pc=0x00000079a180cc70 method=java.util.concurrent.ConcurrentHashMap.putVal(Ljava/lang/Object;Ljava/lang/Object;Z)Ljava/lang/Object; @ 148 c2
Event: 3.862 Thread 0x00000079afe7e700 DEOPT PACKING pc=0x00000079a180cc70 sp=0x00000079b173d960
Event: 3.863 Thread 0x00000079afe7e700 DEOPT UNPACKING pc=0x0000007999d2e42f sp=0x00000079b173d8e0 mode 2
Event: 13.955 Thread 0x00000079afe7e700 Uncommon trap: trap_request=0xffffff45 fr.pc=0x00000079a181e904 relative=0x0000000000000704
Event: 13.955 Thread 0x00000079afe7e700 Uncommon trap: reason=unstable_if action=reinterpret pc=0x00000079a181e904 method=java.util.HashMap.putVal(ILjava/lang/Object;Ljava/lang/Object;ZZ)Ljava/lang/Object; @ 181 c2
Event: 13.955 Thread 0x00000079afe7e700 DEOPT PACKING pc=0x00000079a181e904 sp=0x00000079b173d250
Event: 13.955 Thread 0x00000079afe7e700 DEOPT UNPACKING pc=0x0000007999d2e42f sp=0x00000079b173d178 mode 2
Event: 13.963 Thread 0x00000079afe7e700 Uncommon trap: trap_request=0xffffff45 fr.pc=0x00000079a17f3730 relative=0x0000000000000090
Event: 13.963 Thread 0x00000079afe7e700 Uncommon trap: reason=unstable_if action=reinterpret pc=0x00000079a17f3730 method=java.util.HashMap.hash(Ljava/lang/Object;)I @ 1 c2
Event: 13.963 Thread 0x00000079afe7e700 DEOPT PACKING pc=0x00000079a17f3730 sp=0x00000079b173d2c0
Event: 13.963 Thread 0x00000079afe7e700 DEOPT UNPACKING pc=0x0000007999d2e42f sp=0x00000079b173d258 mode 2
Event: 13.964 Thread 0x00000079afe7e700 Uncommon trap: trap_request=0xffffff45 fr.pc=0x00000079a1800084 relative=0x00000000000006a4
Event: 13.964 Thread 0x00000079afe7e700 Uncommon trap: reason=unstable_if action=reinterpret pc=0x00000079a1800084 method=java.util.HashMap.putVal(ILjava/lang/Object;Ljava/lang/Object;ZZ)Ljava/lang/Object; @ 181 c2
Event: 13.964 Thread 0x00000079afe7e700 DEOPT PACKING pc=0x00000079a1800084 sp=0x00000079b173d280
Event: 13.964 Thread 0x00000079afe7e700 DEOPT UNPACKING pc=0x0000007999d2e42f sp=0x00000079b173d200 mode 2

Classes unloaded (0 events):
No events

Classes redefined (0 events):
No events

Internal exceptions (20 events):
Event: 2.457 Thread 0x00000079afe7e700 Exception <a 'java/lang/NoSuchMethodError'{0x00000000c3a4ac38}: 'int java.lang.invoke.DirectMethodHandle$Holder.invokeVirtual(java.lang.Object, java.lang.Object)'> (0x00000000c3a4ac38) 
thrown [./open/src/hotspot/share/interpreter/linkResolver.cpp, line 782]
Event: 2.482 Thread 0x00000079afe7e700 Exception <a 'java/lang/NoSuchMethodError'{0x00000000c3ac9e88}: 'java.lang.Object java.lang.invoke.DirectMethodHandle$Holder.invokeSpecial(java.lang.Object, java.lang.Object, java.lang.Object, java.lang.Object, int)'> (0x00000000c3ac9e88) 
thrown [./open/src/hotspot/share/interpreter/linkResolver.cpp, line 782]
Event: 2.483 Thread 0x00000079afe7e700 Exception <a 'java/lang/NoSuchMethodError'{0x00000000c3ad2e28}: 'java.lang.Object java.lang.invoke.DirectMethodHandle$Holder.newInvokeSpecial(java.lang.Object, java.lang.Object, java.lang.Object, java.lang.Object, int)'> (0x00000000c3ad2e28) 
thrown [./open/src/hotspot/share/interpreter/linkResolver.cpp, line 782]
Event: 2.484 Thread 0x00000079afe7e700 Exception <a 'java/lang/NoSuchMethodError'{0x00000000c3ad7180}: 'java.lang.Object java.lang.invoke.DirectMethodHandle$Holder.invokeSpecial(java.lang.Object, java.lang.Object, java.lang.Object, java.lang.Object, java.lang.Object, int)'> (0x00000000c3ad7180) 
thrown [./open/src/hotspot/share/interpreter/linkResolver.cpp, line 782]
Event: 2.484 Thread 0x00000079afe7e700 Exception <a 'java/lang/NoSuchMethodError'{0x00000000c3adae68}: 'java.lang.Object java.lang.invoke.Invokers$Holder.linkToTargetMethod(java.lang.Object, java.lang.Object, java.lang.Object, int, java.lang.Object)'> (0x00000000c3adae68) 
thrown [./open/src/hotspot/share/interpreter/linkResolver.cpp, line 782]
Event: 2.487 Thread 0x00000079afe7e700 Exception <a 'java/lang/NoSuchMethodError'{0x00000000c3aeaff8}: 'java.lang.Object java.lang.invoke.DirectMethodHandle$Holder.newInvokeSpecial(java.lang.Object, int, java.lang.Object)'> (0x00000000c3aeaff8) 
thrown [./open/src/hotspot/share/interpreter/linkResolver.cpp, line 782]
Event: 2.488 Thread 0x00000079afe7e700 Exception <a 'java/lang/NoSuchMethodError'{0x00000000c3aefee0}: 'int java.lang.invoke.DirectMethodHandle$Holder.invokeSpecialIFC(java.lang.Object, java.lang.Object, java.lang.Object, java.lang.Object)'> (0x00000000c3aefee0) 
thrown [./open/src/hotspot/share/interpreter/linkResolver.cpp, line 782]
Event: 2.517 Thread 0x00000079afe7e700 Exception <a 'java/lang/NoSuchMethodError'{0x00000000c399a7e0}: 'void java.lang.invoke.DirectMethodHandle$Holder.invokeInterface(java.lang.Object, java.lang.Object, java.lang.Object)'> (0x00000000c399a7e0) 
thrown [./open/src/hotspot/share/interpreter/linkResolver.cpp, line 782]
Event: 2.725 Thread 0x00000079afe7e700 Exception <a 'java/lang/NoSuchMethodError'{0x00000000c383ab78}: 'java.lang.Object java.lang.invoke.DirectMethodHandle$Holder.invokeStatic(java.lang.Object, java.lang.Object, int)'> (0x00000000c383ab78) 
thrown [./open/src/hotspot/share/interpreter/linkResolver.cpp, line 782]
Event: 2.726 Thread 0x00000079afe7e700 Exception <a 'java/lang/NoSuchMethodError'{0x00000000c3846970}: 'void java.lang.invoke.DelegatingMethodHandle$Holder.delegate(java.lang.Object, java.lang.Object, int, java.lang.Object)'> (0x00000000c3846970) 
thrown [./open/src/hotspot/share/interpreter/linkResolver.cpp, line 782]
Event: 2.747 Thread 0x00000079afe7e700 Exception <a 'java/lang/NoSuchMethodError'{0x00000000c38ac4e8}: 'void java.lang.invoke.DirectMethodHandle$Holder.invokeStatic(java.lang.Object, java.lang.Object)'> (0x00000000c38ac4e8) 
thrown [./open/src/hotspot/share/interpreter/linkResolver.cpp, line 782]
Event: 2.747 Thread 0x00000079afe7e700 Exception <a 'java/lang/NoSuchMethodError'{0x00000000c38afef0}: 'void java.lang.invoke.DirectMethodHandle$Holder.invokeStaticInit(java.lang.Object, java.lang.Object)'> (0x00000000c38afef0) 
thrown [./open/src/hotspot/share/interpreter/linkResolver.cpp, line 782]
Event: 2.751 Thread 0x00000079afe7e700 Exception <a 'java/lang/NoSuchMethodError'{0x00000000c38bd018}: 'void java.lang.invoke.DirectMethodHandle$Holder.invokeStaticInit(java.lang.Object, java.lang.Object, java.lang.Object)'> (0x00000000c38bd018) 
thrown [./open/src/hotspot/share/interpreter/linkResolver.cpp, line 782]
Event: 5.067 Thread 0x00000079afe7e700 Exception <a 'java/lang/NoSuchMethodError'{0x00000000c3742360}: 'void java.lang.invoke.DirectMethodHandle$Holder.invokeVirtual(java.lang.Object, java.lang.Object, java.lang.Object, java.lang.Object)'> (0x00000000c3742360) 
thrown [./open/src/hotspot/share/interpreter/linkResolver.cpp, line 782]
Event: 5.143 Thread 0x00000079afe7e700 Exception <a 'java/lang/NoSuchMethodError'{0x00000000c3684bc0}: 'void java.lang.invoke.DirectMethodHandle$Holder.invokeSpecial(java.lang.Object, java.lang.Object, java.lang.Object, java.lang.Object, java.lang.Object)'> (0x00000000c3684bc0) 
thrown [./open/src/hotspot/share/interpreter/linkResolver.cpp, line 782]
Event: 5.153 Thread 0x00000079b0351090 Exception <a 'java/lang/NoClassDefFoundError'{0x00000000c3516570}: javax/validation/Validation> (0x00000000c3516570) 
thrown [./open/src/hotspot/share/classfile/systemDictionary.cpp, line 284]
Event: 5.791 Thread 0x00000079b0351090 Exception <a 'java/lang/NoSuchMethodError'{0x00000000c347bde8}: 'int java.lang.invoke.DirectMethodHandle$Holder.invokeInterface(java.lang.Object, java.lang.Object)'> (0x00000000c347bde8) 
thrown [./open/src/hotspot/share/interpreter/linkResolver.cpp, line 782]
Event: 6.326 Thread 0x00000079b0351090 Exception <a 'java/lang/NoSuchMethodError'{0x00000000c34ac850}: 'java.lang.Object java.lang.invoke.DirectMethodHandle$Holder.invokeStaticInit(java.lang.Object, java.lang.Object, java.lang.Object, java.lang.Object, java.lang.Object)'> (0x00000000c34ac850) 
thrown [./open/src/hotspot/share/interpreter/linkResolver.cpp, line 782]
Event: 11.071 Thread 0x00000079afe7e700 Exception <a 'java/lang/NoSuchMethodError'{0x00000000c2f6d3b8}: 'org.slf4j.impl.StaticMDCBinder org.slf4j.impl.StaticMDCBinder.getSingleton()'> (0x00000000c2f6d3b8) 
thrown [./open/src/hotspot/share/interpreter/linkResolver.cpp, line 782]
Event: 13.963 Thread 0x00000079afe7e700 Implicit null exception at 0x00000079a17f36af to 0x00000079a17f3721

Events (20 events):
Event: 13.868 loading class jdk/internal/reflect/BootstrapConstructorAccessorImpl done
Event: 13.868 loading class java/lang/annotation/Repeatable
Event: 13.869 loading class java/lang/annotation/Repeatable done
Event: 13.869 Executing VM operation: G1CollectForAllocation
Event: 13.882 Executing VM operation: G1CollectForAllocation done
Event: 13.882 Executing VM operation: HandshakeAllThreads
Event: 13.882 Executing VM operation: HandshakeAllThreads done
Event: 14.132 loading class java/beans/Transient
Event: 14.132 loading class java/beans/Transient done
Event: 14.132 loading class java/beans/ConstructorProperties
Event: 14.132 loading class java/beans/ConstructorProperties done
Event: 14.424 loading class java/io/CharArrayReader
Event: 14.424 loading class java/io/CharArrayReader done
Event: 14.433 loading class java/util/concurrent/atomic/AtomicReference
Event: 14.433 loading class java/util/concurrent/atomic/AtomicReference done
Event: 14.435 loading class java/util/RegularEnumSet$EnumSetIterator
Event: 14.435 loading class java/util/RegularEnumSet$EnumSetIterator done
Event: 14.850 loading class jdk/internal/reflect/UnsafeObjectFieldAccessorImpl
Event: 14.850 loading class jdk/internal/reflect/UnsafeObjectFieldAccessorImpl done
Event: 15.105 Executing VM operation: CollectForMetadataAllocation


Dynamic libraries:
0x00007ff7d6750000 - 0x00007ff7d675d000 	C:\Users\POLITE\.p2\pool\plugins\org.eclipse.justj.openjdk.hotspot.jre.full.win32.x86_64_15.0.2.v20210201-0955\jre\bin\javaw.exe
0x00007ffa29ac0000 - 0x00007ffa29c6d000 	C:\Windows\SYSTEM32\ntdll.dll
0x00007ffa27d80000 - 0x00007ffa27eba000 	C:\Windows\system32\KERNEL32.DLL
0x00007ffa26db0000 - 0x00007ffa26ec5000 	C:\Windows\system32\KERNELBASE.dll
0x00007ffa1fda0000 - 0x00007ffa1fdb8000 	C:\Users\POLITE\.p2\pool\plugins\org.eclipse.justj.openjdk.hotspot.jre.full.win32.x86_64_15.0.2.v20210201-0955\jre\bin\jli.dll
0x00007ffa1fd80000 - 0x00007ffa1fd99000 	C:\Users\POLITE\.p2\pool\plugins\org.eclipse.justj.openjdk.hotspot.jre.full.win32.x86_64_15.0.2.v20210201-0955\jre\bin\VCRUNTIME140.dll
0x00007ffa1fbd0000 - 0x00007ffa1fbd4000 	C:\Users\POLITE\.p2\pool\plugins\org.eclipse.justj.openjdk.hotspot.jre.full.win32.x86_64_15.0.2.v20210201-0955\jre\bin\api-ms-win-crt-stdio-l1-1-0.dll
0x00007ffa1e240000 - 0x00007ffa1e244000 	C:\Users\POLITE\.p2\pool\plugins\org.eclipse.justj.openjdk.hotspot.jre.full.win32.x86_64_15.0.2.v20210201-0955\jre\bin\api-ms-win-crt-runtime-l1-1-0.dll
0x00007ffa1de00000 - 0x00007ffa1de03000 	C:\Users\POLITE\.p2\pool\plugins\org.eclipse.justj.openjdk.hotspot.jre.full.win32.x86_64_15.0.2.v20210201-0955\jre\bin\api-ms-win-crt-environment-l1-1-0.dll
0x00007ffa1c7c0000 - 0x00007ffa1c7c5000 	C:\Users\POLITE\.p2\pool\plugins\org.eclipse.justj.openjdk.hotspot.jre.full.win32.x86_64_15.0.2.v20210201-0955\jre\bin\api-ms-win-crt-math-l1-1-0.dll
0x00007ffa1c7b0000 - 0x00007ffa1c7b3000 	C:\Users\POLITE\.p2\pool\plugins\org.eclipse.justj.openjdk.hotspot.jre.full.win32.x86_64_15.0.2.v20210201-0955\jre\bin\api-ms-win-crt-locale-l1-1-0.dll
0x00007ffa1c1e0000 - 0x00007ffa1c1e3000 	C:\Users\POLITE\.p2\pool\plugins\org.eclipse.justj.openjdk.hotspot.jre.full.win32.x86_64_15.0.2.v20210201-0955\jre\bin\api-ms-win-crt-heap-l1-1-0.dll
0x00007ffa24dd0000 - 0x00007ffa2504a000 	C:\Windows\WinSxS\amd64_microsoft.windows.common-controls_6595b64144ccf1df_6.0.9600.17810_none_6240b9c7ecbd0bda\COMCTL32.dll
0x00007ffa27720000 - 0x00007ffa27891000 	C:\Windows\system32\USER32.dll
0x00007ffa1aeb0000 - 0x00007ffa1aeb3000 	C:\Users\POLITE\.p2\pool\plugins\org.eclipse.justj.openjdk.hotspot.jre.full.win32.x86_64_15.0.2.v20210201-0955\jre\bin\api-ms-win-crt-filesystem-l1-1-0.dll
0x00007ffa1a250000 - 0x00007ffa1a254000 	C:\Users\POLITE\.p2\pool\plugins\org.eclipse.justj.openjdk.hotspot.jre.full.win32.x86_64_15.0.2.v20210201-0955\jre\bin\api-ms-win-crt-string-l1-1-0.dll
0x00007ffa1a240000 - 0x00007ffa1a244000 	C:\Users\POLITE\.p2\pool\plugins\org.eclipse.justj.openjdk.hotspot.jre.full.win32.x86_64_15.0.2.v20210201-0955\jre\bin\api-ms-win-crt-convert-l1-1-0.dll
0x00007ffa297b0000 - 0x00007ffa29857000 	C:\Windows\system32\msvcrt.dll
0x00007ffa278a0000 - 0x00007ffa279e4000 	C:\Windows\system32\GDI32.dll
0x00007ffa15fc0000 - 0x00007ffa160ba000 	C:\Users\POLITE\.p2\pool\plugins\org.eclipse.justj.openjdk.hotspot.jre.full.win32.x86_64_15.0.2.v20210201-0955\jre\bin\ucrtbase.DLL
0x00007ffa27f20000 - 0x00007ffa27f54000 	C:\Windows\system32\IMM32.DLL
0x00007ffa29490000 - 0x00007ffa295c9000 	C:\Windows\system32\MSCTF.dll
0x00007ffa1a230000 - 0x00007ffa1a23c000 	C:\Users\POLITE\.p2\pool\plugins\org.eclipse.justj.openjdk.hotspot.jre.full.win32.x86_64_15.0.2.v20210201-0955\jre\bin\vcruntime140_1.dll
0x00007ffa16eb0000 - 0x00007ffa16f41000 	C:\Users\POLITE\.p2\pool\plugins\org.eclipse.justj.openjdk.hotspot.jre.full.win32.x86_64_15.0.2.v20210201-0955\jre\bin\msvcp140.dll
0x00007ffa19ae0000 - 0x00007ffa19ae3000 	C:\Users\POLITE\.p2\pool\plugins\org.eclipse.justj.openjdk.hotspot.jre.full.win32.x86_64_15.0.2.v20210201-0955\jre\bin\api-ms-win-crt-time-l1-1-0.dll
0x00007ffa19ad0000 - 0x00007ffa19ad3000 	C:\Users\POLITE\.p2\pool\plugins\org.eclipse.justj.openjdk.hotspot.jre.full.win32.x86_64_15.0.2.v20210201-0955\jre\bin\api-ms-win-crt-utility-l1-1-0.dll
0x00007ff9feb80000 - 0x00007ff9ff6de000 	C:\Users\POLITE\.p2\pool\plugins\org.eclipse.justj.openjdk.hotspot.jre.full.win32.x86_64_15.0.2.v20210201-0955\jre\bin\server\jvm.dll
0x00007ffa27250000 - 0x00007ffa272fa000 	C:\Windows\system32\ADVAPI32.dll
0x00007ffa21d20000 - 0x00007ffa21d29000 	C:\Windows\SYSTEM32\WSOCK32.dll
0x00007ffa205f0000 - 0x00007ffa2060f000 	C:\Windows\SYSTEM32\WINMM.dll
0x00007ffa225b0000 - 0x00007ffa225ba000 	C:\Windows\SYSTEM32\VERSION.dll
0x00007ffa29910000 - 0x00007ffa29917000 	C:\Windows\system32\PSAPI.DLL
0x00007ffa279f0000 - 0x00007ffa27a49000 	C:\Windows\SYSTEM32\sechost.dll
0x00007ffa27a50000 - 0x00007ffa27b91000 	C:\Windows\system32\RPCRT4.dll
0x00007ffa271f0000 - 0x00007ffa2724a000 	C:\Windows\system32\WS2_32.dll
0x00007ffa205c0000 - 0x00007ffa205ea000 	C:\Windows\SYSTEM32\WINMMBASE.dll
0x00007ffa271b0000 - 0x00007ffa271b9000 	C:\Windows\system32\NSI.dll
0x00007ffa27160000 - 0x00007ffa271aa000 	C:\Windows\SYSTEM32\cfgmgr32.dll
0x00007ffa25a90000 - 0x00007ffa25ab6000 	C:\Windows\SYSTEM32\DEVOBJ.dll
0x00007ffa20480000 - 0x00007ffa2048a000 	C:\Users\POLITE\.p2\pool\plugins\org.eclipse.justj.openjdk.hotspot.jre.full.win32.x86_64_15.0.2.v20210201-0955\jre\bin\jimage.dll
0x00007ffa19dd0000 - 0x00007ffa19f59000 	C:\Windows\SYSTEM32\DBGHELP.DLL
0x00007ffa1b280000 - 0x00007ffa1b2a5000 	C:\Users\POLITE\.p2\pool\plugins\org.eclipse.justj.openjdk.hotspot.jre.full.win32.x86_64_15.0.2.v20210201-0955\jre\bin\java.dll
0x00007ffa1fcf0000 - 0x00007ffa1fd08000 	C:\Users\POLITE\.p2\pool\plugins\org.eclipse.justj.openjdk.hotspot.jre.full.win32.x86_64_15.0.2.v20210201-0955\jre\bin\zip.dll
0x00007ffa27f60000 - 0x00007ffa29488000 	C:\Windows\system32\SHELL32.dll
0x00007ffa27360000 - 0x00007ffa27571000 	C:\Windows\SYSTEM32\combase.dll
0x00007ffa27c70000 - 0x00007ffa27cc1000 	C:\Windows\system32\SHLWAPI.dll
0x00007ffa25220000 - 0x00007ffa252bf000 	C:\Windows\SYSTEM32\SHCORE.dll
0x00007ffa26c90000 - 0x00007ffa26ca4000 	C:\Windows\SYSTEM32\profapi.dll
0x00007ffa1eef0000 - 0x00007ffa1ef09000 	C:\Users\POLITE\.p2\pool\plugins\org.eclipse.justj.openjdk.hotspot.jre.full.win32.x86_64_15.0.2.v20210201-0955\jre\bin\net.dll
0x00007ffa1b520000 - 0x00007ffa1b5e9000 	C:\Windows\SYSTEM32\WINHTTP.dll
0x00007ffa26520000 - 0x00007ffa26579000 	C:\Windows\system32\mswsock.dll
0x00007ffa1ea70000 - 0x00007ffa1ea82000 	C:\Users\POLITE\.p2\pool\plugins\org.eclipse.justj.openjdk.hotspot.jre.full.win32.x86_64_15.0.2.v20210201-0955\jre\bin\nio.dll
0x00007ffa24b30000 - 0x00007ffa24b40000 	C:\Users\POLITE\.p2\pool\plugins\org.eclipse.justj.openjdk.hotspot.jre.full.win32.x86_64_15.0.2.v20210201-0955\jre\bin\verify.dll
0x00007ffa24b20000 - 0x00007ffa24b29000 	C:\Users\POLITE\.p2\pool\plugins\org.eclipse.justj.openjdk.hotspot.jre.full.win32.x86_64_15.0.2.v20210201-0955\jre\bin\management.dll
0x00007ffa247c0000 - 0x00007ffa247cb000 	C:\Users\POLITE\.p2\pool\plugins\org.eclipse.justj.openjdk.hotspot.jre.full.win32.x86_64_15.0.2.v20210201-0955\jre\bin\management_ext.dll
0x00007ffa19840000 - 0x00007ffa19854000 	C:\Windows\system32\napinsp.dll
0x00007ffa19820000 - 0x00007ffa19839000 	C:\Windows\system32\pnrpnsp.dll
0x00007ffa20bc0000 - 0x00007ffa20bdb000 	C:\Windows\system32\NLAapi.dll
0x00007ffa26330000 - 0x00007ffa263d4000 	C:\Windows\SYSTEM32\DNSAPI.dll
0x00007ffa19810000 - 0x00007ffa1981c000 	C:\Windows\System32\winrnr.dll
0x000000006c370000 - 0x000000006c396000 	C:\Program Files\Bonjour\mdnsNSP.dll
0x00007ffa20e50000 - 0x00007ffa20e7a000 	C:\Windows\SYSTEM32\Iphlpapi.DLL
0x00007ffa20e40000 - 0x00007ffa20e4a000 	C:\Windows\SYSTEM32\WINNSI.DLL
0x00007ffa197f0000 - 0x00007ffa19803000 	C:\Windows\system32\wshbth.dll
0x00007ffa1ca10000 - 0x00007ffa1ca19000 	C:\Windows\System32\rasadhlp.dll
0x00007ffa20150000 - 0x00007ffa201bb000 	C:\Windows\System32\fwpuclnt.dll

dbghelp: loaded successfully - version: 4.0.5 - missing functions: none
symbol engine: initialized successfully - sym options: 0x614 - pdb path: .;C:\Users\POLITE\.p2\pool\plugins\org.eclipse.justj.openjdk.hotspot.jre.full.win32.x86_64_15.0.2.v20210201-0955\jre\bin;C:\Windows\SYSTEM32;C:\Windows\WinSxS\amd64_microsoft.windows.common-controls_6595b64144ccf1df_6.0.9600.17810_none_6240b9c7ecbd0bda;C:\Users\POLITE\.p2\pool\plugins\org.eclipse.justj.openjdk.hotspot.jre.full.win32.x86_64_15.0.2.v20210201-0955\jre\bin\server;C:\Program Files\Bonjour

VM Arguments:
jvm_args: -Dfile.encoding=UTF-8 -XX:+ShowCodeDetailsInExceptionMessages 
java_command: com.mindbrowser.assignment.backend.BackendApplication
java_class_path (initial): D:\trial\backend\target\classes;C:\Users\POLITE\.m2\repository\org\springframework\boot\spring-boot-starter-data-jpa\2.4.3\spring-boot-starter-data-jpa-2.4.3.jar;C:\Users\POLITE\.m2\repository\org\springframework\boot\spring-boot-starter-aop\2.4.3\spring-boot-starter-aop-2.4.3.jar;C:\Users\POLITE\.m2\repository\org\springframework\spring-aop\5.3.4\spring-aop-5.3.4.jar;C:\Users\POLITE\.m2\repository\org\aspectj\aspectjweaver\1.9.6\aspectjweaver-1.9.6.jar;C:\Users\POLITE\.m2\repository\org\springframework\boot\spring-boot-starter-jdbc\2.4.3\spring-boot-starter-jdbc-2.4.3.jar;C:\Users\POLITE\.m2\repository\com\zaxxer\HikariCP\3.4.5\HikariCP-3.4.5.jar;C:\Users\POLITE\.m2\repository\org\springframework\spring-jdbc\5.3.4\spring-jdbc-5.3.4.jar;C:\Users\POLITE\.m2\repository\jakarta\transaction\jakarta.transaction-api\1.3.3\jakarta.transaction-api-1.3.3.jar;C:\Users\POLITE\.m2\repository\jakarta\persistence\jakarta.persistence-api\2.2.3\jakarta.persistence-api-2.2.3.jar;C:\Users\POLITE\.m2\repository\org\hibernate\hibernate-core\5.4.28.Final\hibernate-core-5.4.28.Final.jar;C:\Users\POLITE\.m2\repository\org\jboss\logging\jboss-logging\3.4.1.Final\jboss-logging-3.4.1.Final.jar;C:\Users\POLITE\.m2\repository\org\javassist\javassist\3.27.0-GA\javassist-3.27.0-GA.jar;C:\Users\POLITE\.m2\repository\net\bytebuddy\byte-buddy\1.10.20\byte-buddy-1.10.20.jar;C:\Users\POLITE\.m2\repository\antlr\antlr\2.7.7\antlr-2.7.7.jar;C:\Users\POLITE\.m2\repository\org\jboss\jandex\2.2.3.Final\jandex-2.2.3.Final.jar;C:\Users\POLITE\.m2\repository\com\fasterxml\classmate\1.5.1\classmate-1.5.1.jar;C:\Users\POLITE\.m2\repository\org\dom4j\dom4j\2.1.3\dom4j-2.1.3.jar;C:\Users\POLITE\.m2\repository\org\hibernate\common\hibernate-commons-annotations\5.1.2.Final\hibernate-commons-annotations-5.1.2.Final.jar;C:\Users\POLITE\.m2\repository\org\glassfish\jaxb\jaxb-runtime\2.3.3\jaxb-runtime-2.3.3.jar;C:\Users\POLITE\.m2\repository\org\glassfish\jaxb\txw2\2.3.3\txw2-2.3.3.jar;C:
Launcher Type: SUN_STANDARD

[Global flags]
     intx CICompilerCount                          = 3                                         {product} {ergonomic}
     uint ConcGCThreads                            = 1                                         {product} {ergonomic}
     uint G1ConcRefinementThreads                  = 4                                         {product} {ergonomic}
   size_t G1HeapRegionSize                         = 1048576                                   {product} {ergonomic}
    uintx GCDrainStackTargetSize                   = 64                                        {product} {ergonomic}
   size_t InitialHeapSize                          = 67108864                                  {product} {ergonomic}
   size_t MarkStackSize                            = 4194304                                   {product} {ergonomic}
   size_t MaxHeapSize                              = 1054867456                                {product} {ergonomic}
   size_t MaxNewSize                               = 632291328                                 {product} {ergonomic}
   size_t MinHeapDeltaBytes                        = 1048576                                   {product} {ergonomic}
   size_t MinHeapSize                              = 8388608                                   {product} {ergonomic}
    uintx NonNMethodCodeHeapSize                   = 5832780                                {pd product} {ergonomic}
    uintx NonProfiledCodeHeapSize                  = 122912730                              {pd product} {ergonomic}
    uintx ProfiledCodeHeapSize                     = 122912730                              {pd product} {ergonomic}
    uintx ReservedCodeCacheSize                    = 251658240                              {pd product} {ergonomic}
     bool SegmentedCodeCache                       = true                                      {product} {ergonomic}
     bool ShowCodeDetailsInExceptionMessages       = true                                   {manageable} {command line}
   size_t SoftMaxHeapSize                          = 1054867456                             {manageable} {ergonomic}
     bool UseCompressedClassPointers               = true                                 {lp64_product} {ergonomic}
     bool UseCompressedOops                        = true                                 {lp64_product} {ergonomic}
     bool UseG1GC                                  = true                                      {product} {ergonomic}
     bool UseLargePagesIndividualAllocation        = false                                  {pd product} {ergonomic}

Logging:
Log output configuration:
 #0: stdout all=warning uptime,level,tags
 #1: stderr all=off uptime,level,tags

Environment Variables:
PATH=C:/Users/POLITE/.p2/pool/plugins/org.eclipse.justj.openjdk.hotspot.jre.full.win32.x86_64_15.0.2.v20210201-0955/jre/bin/server;C:/Users/POLITE/.p2/pool/plugins/org.eclipse.justj.openjdk.hotspot.jre.full.win32.x86_64_15.0.2.v20210201-0955/jre/bin;C:\Windows\System32\;C:\Program Files (x86)\nodejs;C:\Users\Administrator\AppData\Roaming\npm\node_modules\angular-cli\bin;C:\Program Files (x86)\MongoDB\Server\3.2\bin;C:\Program Files\Azure Data Studio\bin;C:\Program Files (x86)\Microsoft SQL Server\150\DTS\Binn\;C:\Program Files (x86)\Git\cmd;C:\Program Files (x86)\Java\jdk1.7.0_02\bin;C:\Users\POLITE\AppData\Roaming\npm;C:\Users\POLITE\AppData\Local\GitHubDesktop\bin;C:\Program Files\Azure Data Studio\bin;C:\Users\POLITE\Desktop;
USERNAME=POLITE
OS=Windows_NT
PROCESSOR_IDENTIFIER=Intel64 Family 6 Model 61 Stepping 4, GenuineIntel



---------------  S Y S T E M  ---------------

OS:
 Windows 8.1 , 64 bit Build 9600 (6.3.9600.17056)
OS uptime: 4 days 11:03 hours

CPU: total 4 (initial active 4) (2 cores per cpu, 2 threads per core) family 6 model 61 stepping 4 microcode 0x21, cmov, cx8, fxsr, mmx, sse, sse2, sse3, ssse3, sse4.1, sse4.2, popcnt, vzeroupper, avx, avx2, aes, clmul, erms, 3dnowpref, lzcnt, ht, tsc, tscinvbit, bmi1, bmi2, adx, fma, clflush

Memory: 4k page, system-wide physical 4016M (206M free)
TotalPageFile size 7088M (AvailPageFile size 31M)
current process WorkingSet (physical memory assigned to process): 92M, peak: 115M
current process commit charge ("private bytes"): 135M, peak: 164M

vm_info: OpenJDK 64-Bit Server VM (15.0.2+7-27) for windows-amd64 JRE (15.0.2+7-27), built on Dec  7 2020 20:02:38 by "mach5one" with unknown MS VC++:1925

END.
